0 info it worked if it ends with ok
1 verbose cli [ '/Users/janine/.nvm/versions/node/v6.10.0/bin/node',
1 verbose cli   '/Users/janine/.nvm/versions/node/v6.10.0/bin/npm',
1 verbose cli   'start' ]
2 info using npm@3.10.10
3 info using node@v6.10.0
4 verbose config Skipping project config: /Users/janine/.npmrc. (matches userconfig)
5 verbose stack Error: ENOENT: no such file or directory, open '/Users/janine/package.json'
5 verbose stack     at Error (native)
6 verbose cwd /Users/janine/Sites/flatiron_learn/reddit-clone-app/reddit-clone-api
7 error Darwin 15.6.0
8 error argv "/Users/janine/.nvm/versions/node/v6.10.0/bin/node" "/Users/janine/.nvm/versions/node/v6.10.0/bin/npm" "start"
9 error node v6.10.0
10 error npm  v3.10.10
11 error path /Users/janine/package.json
12 error code ENOENT
13 error errno -2
14 error syscall open
15 error enoent ENOENT: no such file or directory, open '/Users/janine/package.json'
16 error enoent ENOENT: no such file or directory, open '/Users/janine/package.json'
16 error enoent This is most likely not a problem with npm itself
16 error enoent and is related to npm not being able to find a file.
17 verbose exit [ -2, true ]
